app/build/outputs/logs/manifest-merger-debug-report.txt
-- Merging decision tree log ---
manifest
ADDED from src\main\AndroidManifest.xml:2:1-65:12
	package
		ADDED from src\main\AndroidManifest.xml:3:5-36
		INJECTED from src\main\AndroidManifest.xml
		INJECTED from src\main\AndroidManifest.xml
	android:versionName
		INJECTED from src\main\AndroidManifest.xml
		INJECTED from src\main\AndroidManifest.xml
	xmlns:android
		ADDED from src\main\AndroidManifest.xml:2:11-69
	android:versionCode
		INJECTED from src\main\AndroidManifest.xml
		INJECTED from src\main\AndroidManifest.xml
uses-permission#android.permission.RECEIVE_BOOT_COMPLETED
ADDED from src\main\AndroidManifest.xml:4:5-81
	android:name
		ADDED from src\main\AndroidManifest.xml:4:22-78
uses-permission#android.permission.ACCESS_FINE_LOCATION
ADDED from src\main\AndroidManifest.xml:5:5-79
	android:name
		ADDED from src\main\AndroidManifest.xml:5:22-76
uses-permission#android.permission.WRITE_EXTERNAL_STORAGE
ADDED from src\main\AndroidManifest.xml:6:5-81
	android:name
		ADDED from src\main\AndroidManifest.xml:6:22-78
uses-permission#android.permission.READ_EXTERNAL_STORAGE
ADDED from src\main\AndroidManifest.xml:7:5-80
	android:name
		ADDED from src\main\AndroidManifest.xml:7:22-77
uses-permission#android.permission.INTERNET
ADDED from src\main\AndroidManifest.xml:8:5-67
MERGED from [com.estimote:sdk:0.11.1] AndroidManifest.xml:15:5-67
	android:name
		ADDED from src\main\AndroidManifest.xml:8:22-64
uses-permission#android.permission.WAKE_LOCK
ADDED from src\main\AndroidManifest.xml:9:5-68
	android:name
		ADDED from src\main\AndroidManifest.xml:9:22-65
application
ADDED from src\main\AndroidManifest.xml:11:5-63:19
MERGED from [com.android.support:design:24.2.1] AndroidManifest.xml:22:5-20
MERGED from [com.android.support:support-v4:24.2.1] AndroidManifest.xml:25:5-20
MERGED from [com.android.support:support-compat:24.2.1] AndroidManifest.xml:25:5-20
MERGED from [com.android.support:support-media-compat:24.2.1] AndroidManifest.xml:25:5-20
MERGED from [com.android.support:support-core-utils:24.2.1] AndroidManifest.xml:25:5-20
MERGED from [com.android.support:support-core-ui:24.2.1] AndroidManifest.xml:25:5-20
MERGED from [com.android.support:support-fragment:24.2.1] AndroidManifest.xml:25:5-20
MERGED from [com.android.support:appcompat-v7:24.2.1] AndroidManifest.xml:25:5-20
MERGED from [com.android.support:support-vector-drawable:24.2.1] AndroidManifest.xml:23:5-20
MERGED from [com.android.support:animated-vector-drawable:24.2.1] AndroidManifest.xml:22:5-20
MERGED from [com.estimote:sdk:0.11.1] AndroidManifest.xml:22:5-37:19
	android:label
		ADDED from src\main\AndroidManifest.xml:15:9-41
	android:supportsRtl
		ADDED from src\main\AndroidManifest.xml:16:9-35
	android:allowBackup
		ADDED from src\main\AndroidManifest.xml:13:9-35
	android:icon
		ADDED from src\main\AndroidManifest.xml:14:9-43
	android:theme
		ADDED from src\main\AndroidManifest.xml:17:9-40
	android:name
		ADDED from src\main\AndroidManifest.xml:12:9-59
activity#com.eurotek.beaconapp.SetupActivity
ADDED from src\main\AndroidManifest.xml:18:9-26:20
	android:screenOrientation
		ADDED from src\main\AndroidManifest.xml:21:13-49
	android:configChanges
		ADDED from src\main\AndroidManifest.xml:20:13-74
	android:name
		ADDED from src\main\AndroidManifest.xml:19:13-63
intent-filter#android.intent.action.MAIN+android.intent.category.LAUNCHER
ADDED from src\main\AndroidManifest.xml:22:13-25:29
action#android.intent.action.MAIN
ADDED from src\main\AndroidManifest.xml:23:17-69
	android:name
		ADDED from src\main\AndroidManifest.xml:23:25-66
category#android.intent.category.LAUNCHER
ADDED from src\main\AndroidManifest.xml:24:17-77
	android:name
		ADDED from src\main\AndroidManifest.xml:24:27-74
activity#com.eurotek.beaconapp.MainActivity
ADDED from src\main\AndroidManifest.xml:27:9-30:52
	android:screenOrientation
		ADDED from src\main\AndroidManifest.xml:30:13-49
	android:configChanges
		ADDED from src\main\AndroidManifest.xml:29:13-74
	android:name
		ADDED from src\main\AndroidManifest.xml:28:13-62
activity#com.eurotek.beaconapp.DisplayItemInfo
ADDED from src\main\AndroidManifest.xml:31:9-38:20
	android:screenOrientation
		ADDED from src\main\AndroidManifest.xml:34:13-49
	android:configChanges
		ADDED from src\main\AndroidManifest.xml:33:13-74
	android:name
		ADDED from src\main\AndroidManifest.xml:32:13-65
meta-data#android.support.PARENT_ACTIVITY
ADDED from src\main\AndroidManifest.xml:35:13-37:70
	android:value
		ADDED from src\main\AndroidManifest.xml:37:17-67
	android:name
		ADDED from src\main\AndroidManifest.xml:36:17-63
receiver#com.eurotek.beaconapp.DeviceAdmin
ADDED from src\main\AndroidManifest.xml:40:9-50:20
	android:permission
		ADDED from src\main\AndroidManifest.xml:42:13-70
	android:name
		ADDED from src\main\AndroidManifest.xml:41:13-61
meta-data#android.app.device_admin
ADDED from src\main\AndroidManifest.xml:43:13-45:56
	android:resource
		ADDED from src\main\AndroidManifest.xml:45:17-53
	android:name
		ADDED from src\main\AndroidManifest.xml:44:17-56
intent-filter#android.app.action.DEVICE_ADMIN_ENABLED
ADDED from src\main\AndroidManifest.xml:47:13-49:29
action#android.app.action.DEVICE_ADMIN_ENABLED
ADDED from src\main\AndroidManifest.xml:48:17-82
	android:name
		ADDED from src\main\AndroidManifest.xml:48:25-79
receiver#com.eurotek.beaconapp.StartupReceiver
ADDED from src\main\AndroidManifest.xml:51:9-62:20
	android:enabled
		ADDED from src\main\AndroidManifest.xml:52:13-35
	android:exported
		ADDED from src\main\AndroidManifest.xml:53:13-36
	android:permission
		ADDED from src\main\AndroidManifest.xml:55:13-75
	android:name
		ADDED from src\main\AndroidManifest.xml:54:13-65
intent-filter#android.intent.action.BOOT_COMPLETED+android.intent.action.QUICKBOOT_POWERON+android.intent.category.DEFAULT
ADDED from src\main\AndroidManifest.xml:56:13-60:29
action#android.intent.action.BOOT_COMPLETED
ADDED from src\main\AndroidManifest.xml:57:17-79
	android:name
		ADDED from src\main\AndroidManifest.xml:57:25-76
action#android.intent.action.QUICKBOOT_POWERON
ADDED from src\main\AndroidManifest.xml:58:17-82
	android:name
		ADDED from src\main\AndroidManifest.xml:58:25-79
category#android.intent.category.DEFAULT
ADDED from src\main\AndroidManifest.xml:59:17-76
	android:name
		ADDED from src\main\AndroidManifest.xml:59:27-73
uses-sdk
INJECTED from src\main\AndroidManifest.xml reason: use-sdk injection requested
MERGED from [com.android.support:design:24.2.1] AndroidManifest.xml:20:5-43
MERGED from [com.android.support:support-v4:24.2.1] AndroidManifest.xml:21:5-23:54
MERGED from [com.android.support:support-compat:24.2.1] AndroidManifest.xml:21:5-23:58
MERGED from [com.android.support:support-media-compat:24.2.1] AndroidManifest.xml:21:5-23:63
MERGED from [com.android.support:support-core-utils:24.2.1] AndroidManifest.xml:21:5-23:61
MERGED from [com.android.support:support-core-ui:24.2.1] AndroidManifest.xml:21:5-23:58
MERGED from [com.android.support:support-fragment:24.2.1] AndroidManifest.xml:21:5-23:60
MERGED from [com.android.support:appcompat-v7:24.2.1] AndroidManifest.xml:21:5-23:78
MERGED from [com.android.support:support-vector-drawable:24.2.1] AndroidManifest.xml:21:5-43
MERGED from [com.android.support:animated-vector-drawable:24.2.1] AndroidManifest.xml:20:5-44
MERGED from [com.android.support:recyclerview-v7:24.2.1] AndroidManifest.xml:20:5-43
MERGED from [com.estimote:sdk:0.11.1] AndroidManifest.xml:7:5-43
	tools:overrideLibrary
		ADDED from [com.android.support:support-v4:24.2.1] AndroidManifest.xml:23:9-51
	android:targetSdkVersion
		INJECTED from src\main\AndroidManifest.xml
		INJECTED from src\main\AndroidManifest.xml
	android:minSdkVersion
		INJECTED from src\main\AndroidManifest.xml
		INJECTED from src\main\AndroidManifest.xml
uses-permission#android.permission.BLUETOOTH
ADDED from [com.estimote:sdk:0.11.1] AndroidManifest.xml:10:5-68
	android:name
		ADDED from [com.estimote:sdk:0.11.1] AndroidManifest.xml:10:22-65
uses-permission#android.permission.BLUETOOTH_ADMIN
ADDED from [com.estimote:sdk:0.11.1] AndroidManifest.xml:11:5-74
	android:name
		ADDED from [com.estimote:sdk:0.11.1] AndroidManifest.xml:11:22-71
uses-permission-sdk-23
ADDED from [com.estimote:sdk:0.11.1] AndroidManifest.xml:13:5-88
	android:name
		ADDED from [com.estimote:sdk:0.11.1] AndroidManifest.xml:13:29-85
uses-permission#android.permission.ACCESS_NETWORK_STATE
ADDED from [com.estimote:sdk:0.11.1] AndroidManifest.xml:16:5-79
	android:name
		ADDED from [com.estimote:sdk:0.11.1] AndroidManifest.xml:16:22-76
uses-feature#android.hardware.bluetooth_le
ADDED from [com.estimote:sdk:0.11.1] AndroidManifest.xml:18:5-20:36
	android:required
		ADDED from [com.estimote:sdk:0.11.1] AndroidManifest.xml:20:9-33
	android:name
		ADDED from [com.estimote:sdk:0.11.1] AndroidManifest.xml:19:9-53
service#com.estimote.sdk.service.BeaconService
ADDED from [com.estimote:sdk:0.11.1] AndroidManifest.xml:23:9-25:40
	android:exported
		ADDED from [com.estimote:sdk:0.11.1] AndroidManifest.xml:25:13-37
	android:name
		ADDED from [com.estimote:sdk:0.11.1] AndroidManifest.xml:24:13-66
service#com.estimote.sdk.repackaged.dfu_v0_6_1.no.nordicsemi.android.dfu.DfuBaseService
ADDED from [com.estimote:sdk:0.11.1] AndroidManifest.xml:26:9-115
	android:name
		ADDED from [com.estimote:sdk:0.11.1] AndroidManifest.xml:26:18-112
activity#com.estimote.sdk.DefaultRequirementsCheckerCallback$Activity
ADDED from [com.estimote:sdk:0.11.1] AndroidManifest.xml:28:9-30:56
	android:theme
		ADDED from [com.estimote:sdk:0.11.1] AndroidManifest.xml:30:13-53
	android:name
		ADDED from [com.estimote:sdk:0.11.1] AndroidManifest.xml:29:13-88
receiver#com.estimote.sdk.service.BeaconService$ScanAlarmBroadcastReceiver
ADDED from [com.estimote:sdk:0.11.1] AndroidManifest.xml:32:9-102
	android:name
		ADDED from [com.estimote:sdk:0.11.1] AndroidManifest.xml:32:19-99
service#com.estimote.sdk.connection.internal.DeviceConnectionProviderService
ADDED from [com.estimote:sdk:0.11.1] AndroidManifest.xml:34:9-36:40
	android:exported
		ADDED from [com.estimote:sdk:0.11.1] AndroidManifest.xml:36:13-37
	android:name
		ADDED from [com.estimote:sdk:0.11.1] AndroidManifest.xml:35:13-96